{"ts":"2026-02-14T21:02:08.896Z","route":"/api/jobs POST","method":"POST","apiKey":"uVqt...ag57","ip":"::1","details":{},"body":{"name":"scrape-zeroheight-project","args":{"pageUrls":null,"password":"Design4allQ4"}}}
{"ts":"2026-02-14T21:02:33.650Z","route":"/api/jobs/:id/cancel POST","method":"POST","apiKey":"uVqt...ag57","ip":"::1","details":{},"body":{}}
{"ts":"2026-02-14T21:03:50.874Z","route":"/api/jobs POST","method":"POST","apiKey":"uVqt...ag57","ip":"::1","details":{},"body":{"name":"scrape-zeroheight-project","args":{"pageUrls":null,"password":"Design4allQ4"}}}
{"ts":"2026-02-14T21:04:17.237Z","route":"/api/jobs/:id/cancel POST","method":"POST","apiKey":"uVqt...ag57","ip":"::1","details":{},"body":{}}
{"ts":"2026-02-14T21:05:30.388Z","route":"/api/jobs POST","method":"POST","apiKey":"uVqt...ag57","ip":"::1","details":{},"body":{"name":"scrape-zeroheight-project","args":{"pageUrls":null,"password":"Design4allQ4"}}}
{"ts":"2026-02-14T21:07:51.509Z","route":"/api/jobs/:id/finish POST","method":"POST","apiKey":"uVqt...ag57","ip":"::1","details":{},"body":{"success":true}}
{"ts":"2026-02-14T21:11:06.209Z","route":"/api/jobs/claim POST","method":"POST","apiKey":"uVqt...ag57","ip":"::1","details":{},"body":{}}
{"ts":"2026-02-14T21:11:07.169Z","route":"/api/jobs/:id/log POST","method":"POST","apiKey":"uVqt...ag57","ip":"::1","details":{},"body":{"line":"Claimed job undefined"}}
{"ts":"2026-02-14T21:11:12.400Z","route":"/api/jobs/claim POST","method":"POST","apiKey":"uVqt...ag57","ip":"::1","details":{},"body":{}}
{"ts":"2026-02-14T21:11:12.497Z","route":"/api/jobs/:id/log POST","method":"POST","apiKey":"uVqt...ag57","ip":"::1","details":{},"body":{"line":"Claimed job undefined"}}
{"ts":"2026-02-14T21:11:17.635Z","route":"/api/jobs/claim POST","method":"POST","apiKey":"uVqt...ag57","ip":"::1","details":{},"body":{}}
{"ts":"2026-02-14T21:11:17.785Z","route":"/api/jobs/:id/log POST","method":"POST","apiKey":"uVqt...ag57","ip":"::1","details":{},"body":{"line":"Claimed job undefined"}}
{"ts":"2026-02-14T21:11:22.924Z","route":"/api/jobs/claim POST","method":"POST","apiKey":"uVqt...ag57","ip":"::1","details":{},"body":{}}
{"ts":"2026-02-14T21:11:23.033Z","route":"/api/jobs/:id/log POST","method":"POST","apiKey":"uVqt...ag57","ip":"::1","details":{},"body":{"line":"Claimed job undefined"}}
{"ts":"2026-02-14T21:11:28.184Z","route":"/api/jobs/claim POST","method":"POST","apiKey":"uVqt...ag57","ip":"::1","details":{},"body":{}}
{"ts":"2026-02-14T21:11:28.330Z","route":"/api/jobs/:id/log POST","method":"POST","apiKey":"uVqt...ag57","ip":"::1","details":{},"body":{"line":"Claimed job undefined"}}
{"ts":"2026-02-14T21:11:33.472Z","route":"/api/jobs/claim POST","method":"POST","apiKey":"uVqt...ag57","ip":"::1","details":{},"body":{}}
{"ts":"2026-02-14T21:11:33.591Z","route":"/api/jobs/:id/log POST","method":"POST","apiKey":"uVqt...ag57","ip":"::1","details":{},"body":{"line":"Claimed job undefined"}}
{"ts":"2026-02-14T21:11:38.737Z","route":"/api/jobs/claim POST","method":"POST","apiKey":"uVqt...ag57","ip":"::1","details":{},"body":{}}
{"ts":"2026-02-14T21:11:38.833Z","route":"/api/jobs/:id/log POST","method":"POST","apiKey":"uVqt...ag57","ip":"::1","details":{},"body":{"line":"Claimed job undefined"}}
{"ts":"2026-02-14T21:11:43.974Z","route":"/api/jobs/claim POST","method":"POST","apiKey":"uVqt...ag57","ip":"::1","details":{},"body":{}}
{"ts":"2026-02-14T21:11:44.080Z","route":"/api/jobs/:id/log POST","method":"POST","apiKey":"uVqt...ag57","ip":"::1","details":{},"body":{"line":"Claimed job undefined"}}
{"ts":"2026-02-14T21:11:49.204Z","route":"/api/jobs/claim POST","method":"POST","apiKey":"uVqt...ag57","ip":"::1","details":{},"body":{}}
{"ts":"2026-02-14T21:11:49.317Z","route":"/api/jobs/:id/log POST","method":"POST","apiKey":"uVqt...ag57","ip":"::1","details":{},"body":{"line":"Claimed job undefined"}}
{"ts":"2026-02-14T21:11:54.455Z","route":"/api/jobs/claim POST","method":"POST","apiKey":"uVqt...ag57","ip":"::1","details":{},"body":{}}
{"ts":"2026-02-14T21:11:54.558Z","route":"/api/jobs/:id/log POST","method":"POST","apiKey":"uVqt...ag57","ip":"::1","details":{},"body":{"line":"Claimed job undefined"}}
{"ts":"2026-02-14T21:11:59.698Z","route":"/api/jobs/claim POST","method":"POST","apiKey":"uVqt...ag57","ip":"::1","details":{},"body":{}}
{"ts":"2026-02-14T21:11:59.835Z","route":"/api/jobs/:id/log POST","method":"POST","apiKey":"uVqt...ag57","ip":"::1","details":{},"body":{"line":"Claimed job undefined"}}
{"ts":"2026-02-14T21:12:05.000Z","route":"/api/jobs/claim POST","method":"POST","apiKey":"uVqt...ag57","ip":"::1","details":{},"body":{}}
{"ts":"2026-02-14T21:12:05.232Z","route":"/api/jobs/:id/log POST","method":"POST","apiKey":"uVqt...ag57","ip":"::1","details":{},"body":{"line":"Claimed job undefined"}}
{"ts":"2026-02-14T21:12:10.335Z","route":"/api/jobs/claim POST","method":"POST","apiKey":"uVqt...ag57","ip":"::1","details":{},"body":{}}
{"ts":"2026-02-14T21:12:10.455Z","route":"/api/jobs/:id/log POST","method":"POST","apiKey":"uVqt...ag57","ip":"::1","details":{},"body":{"line":"Claimed job undefined"}}
{"ts":"2026-02-14T21:12:15.549Z","route":"/api/jobs/claim POST","method":"POST","apiKey":"uVqt...ag57","ip":"::1","details":{},"body":{}}
{"ts":"2026-02-14T21:12:15.680Z","route":"/api/jobs/:id/log POST","method":"POST","apiKey":"uVqt...ag57","ip":"::1","details":{},"body":{"line":"Claimed job undefined"}}
{"ts":"2026-02-14T21:12:20.774Z","route":"/api/jobs/claim POST","method":"POST","apiKey":"uVqt...ag57","ip":"::1","details":{},"body":{}}
{"ts":"2026-02-14T21:12:20.895Z","route":"/api/jobs/:id/log POST","method":"POST","apiKey":"uVqt...ag57","ip":"::1","details":{},"body":{"line":"Claimed job undefined"}}
{"ts":"2026-02-14T21:12:26.003Z","route":"/api/jobs/claim POST","method":"POST","apiKey":"uVqt...ag57","ip":"::1","details":{},"body":{}}
{"ts":"2026-02-14T21:12:26.105Z","route":"/api/jobs/:id/log POST","method":"POST","apiKey":"uVqt...ag57","ip":"::1","details":{},"body":{"line":"Claimed job undefined"}}
{"ts":"2026-02-14T21:12:31.218Z","route":"/api/jobs/claim POST","method":"POST","apiKey":"uVqt...ag57","ip":"::1","details":{},"body":{}}
{"ts":"2026-02-14T21:12:31.305Z","route":"/api/jobs/:id/log POST","method":"POST","apiKey":"uVqt...ag57","ip":"::1","details":{},"body":{"line":"Claimed job undefined"}}
{"ts":"2026-02-14T21:12:36.384Z","route":"/api/jobs/claim POST","method":"POST","apiKey":"uVqt...ag57","ip":"::1","details":{},"body":{}}
{"ts":"2026-02-14T21:12:36.520Z","route":"/api/jobs/:id/log POST","method":"POST","apiKey":"uVqt...ag57","ip":"::1","details":{},"body":{"line":"Claimed job undefined"}}
{"ts":"2026-02-14T21:12:41.607Z","route":"/api/jobs/claim POST","method":"POST","apiKey":"uVqt...ag57","ip":"::1","details":{},"body":{}}
{"ts":"2026-02-14T21:12:41.699Z","route":"/api/jobs/:id/log POST","method":"POST","apiKey":"uVqt...ag57","ip":"::1","details":{},"body":{"line":"Claimed job undefined"}}
{"ts":"2026-02-14T21:12:46.782Z","route":"/api/jobs/claim POST","method":"POST","apiKey":"uVqt...ag57","ip":"::1","details":{},"body":{}}
{"ts":"2026-02-14T21:12:46.873Z","route":"/api/jobs/:id/log POST","method":"POST","apiKey":"uVqt...ag57","ip":"::1","details":{},"body":{"line":"Claimed job undefined"}}
{"ts":"2026-02-14T21:12:51.958Z","route":"/api/jobs/claim POST","method":"POST","apiKey":"uVqt...ag57","ip":"::1","details":{},"body":{}}
{"ts":"2026-02-14T21:12:52.065Z","route":"/api/jobs/:id/log POST","method":"POST","apiKey":"uVqt...ag57","ip":"::1","details":{},"body":{"line":"Claimed job undefined"}}
{"ts":"2026-02-14T21:12:56.709Z","route":"/api/jobs/claim POST","method":"POST","apiKey":"uVqt...ag57","ip":"::1","details":{},"body":{}}
{"ts":"2026-02-14T21:12:56.801Z","route":"/api/jobs/:id/log POST","method":"POST","apiKey":"uVqt...ag57","ip":"::1","details":{},"body":{"line":"Claimed job undefined"}}
{"ts":"2026-02-14T21:12:57.154Z","route":"/api/jobs/claim POST","method":"POST","apiKey":"uVqt...ag57","ip":"::1","details":{},"body":{}}
{"ts":"2026-02-14T21:12:57.230Z","route":"/api/jobs/:id/log POST","method":"POST","apiKey":"uVqt...ag57","ip":"::1","details":{},"body":{"line":"Claimed job undefined"}}
{"ts":"2026-02-14T21:13:01.888Z","route":"/api/jobs/claim POST","method":"POST","apiKey":"uVqt...ag57","ip":"::1","details":{},"body":{}}
{"ts":"2026-02-14T21:13:01.989Z","route":"/api/jobs/:id/log POST","method":"POST","apiKey":"uVqt...ag57","ip":"::1","details":{},"body":{"line":"Claimed job undefined"}}
{"ts":"2026-02-14T21:13:02.303Z","route":"/api/jobs/claim POST","method":"POST","apiKey":"uVqt...ag57","ip":"::1","details":{},"body":{}}
{"ts":"2026-02-14T21:13:02.389Z","route":"/api/jobs/:id/log POST","method":"POST","apiKey":"uVqt...ag57","ip":"::1","details":{},"body":{"line":"Claimed job undefined"}}
{"ts":"2026-02-14T21:13:07.082Z","route":"/api/jobs/claim POST","method":"POST","apiKey":"uVqt...ag57","ip":"::1","details":{},"body":{}}
{"ts":"2026-02-14T21:13:07.181Z","route":"/api/jobs/:id/log POST","method":"POST","apiKey":"uVqt...ag57","ip":"::1","details":{},"body":{"line":"Claimed job undefined"}}
{"ts":"2026-02-14T21:13:07.508Z","route":"/api/jobs/claim POST","method":"POST","apiKey":"uVqt...ag57","ip":"::1","details":{},"body":{}}
{"ts":"2026-02-14T21:13:07.573Z","route":"/api/jobs/:id/log POST","method":"POST","apiKey":"uVqt...ag57","ip":"::1","details":{},"body":{"line":"Claimed job undefined"}}
{"ts":"2026-02-14T21:13:17.465Z","route":"/api/jobs/claim POST","method":"POST","apiKey":"uVqt...ag57","ip":"::1","details":{},"body":{}}
{"ts":"2026-02-14T21:13:17.663Z","route":"/api/jobs/claim POST","method":"POST","apiKey":"uVqt...ag57","ip":"::1","details":{},"body":{}}
{"ts":"2026-02-14T21:13:18.265Z","route":"/api/jobs/:id/log POST","method":"POST","apiKey":"uVqt...ag57","ip":"::1","details":{},"body":{"line":"Claimed job undefined"}}
{"ts":"2026-02-14T21:13:18.266Z","route":"/api/jobs/:id/log POST","method":"POST","apiKey":"uVqt...ag57","ip":"::1","details":{},"body":{"line":"Claimed job undefined"}}
{"ts":"2026-02-14T21:13:23.340Z","route":"/api/jobs/claim POST","method":"POST","apiKey":"uVqt...ag57","ip":"::1","details":{},"body":{}}
{"ts":"2026-02-14T21:13:23.372Z","route":"/api/jobs/claim POST","method":"POST","apiKey":"uVqt...ag57","ip":"::1","details":{},"body":{}}
{"ts":"2026-02-14T21:13:23.442Z","route":"/api/jobs/:id/log POST","method":"POST","apiKey":"uVqt...ag57","ip":"::1","details":{},"body":{"line":"Claimed job undefined"}}
{"ts":"2026-02-14T21:13:23.632Z","route":"/api/jobs/:id/log POST","method":"POST","apiKey":"uVqt...ag57","ip":"::1","details":{},"body":{"line":"Claimed job undefined"}}
{"ts":"2026-02-14T21:13:28.521Z","route":"/api/jobs/claim POST","method":"POST","apiKey":"uVqt...ag57","ip":"::1","details":{},"body":{}}
{"ts":"2026-02-14T21:13:28.620Z","route":"/api/jobs/:id/log POST","method":"POST","apiKey":"uVqt...ag57","ip":"::1","details":{},"body":{"line":"Claimed job undefined"}}
{"ts":"2026-02-14T21:13:28.710Z","route":"/api/jobs/claim POST","method":"POST","apiKey":"uVqt...ag57","ip":"::1","details":{},"body":{}}
{"ts":"2026-02-14T21:13:28.793Z","route":"/api/jobs/:id/log POST","method":"POST","apiKey":"uVqt...ag57","ip":"::1","details":{},"body":{"line":"Claimed job undefined"}}
{"ts":"2026-02-14T21:13:54.206Z","route":"/api/jobs/claim POST","method":"POST","apiKey":"uVqt...ag57","ip":"::1","details":{},"body":{}}
{"ts":"2026-02-14T21:13:54.227Z","route":"/api/jobs/claim POST","method":"POST","apiKey":"uVqt...ag57","ip":"::1","details":{},"body":{}}
{"ts":"2026-02-14T21:13:55.098Z","route":"/api/jobs/:id/log POST","method":"POST","apiKey":"uVqt...ag57","ip":"::1","details":{},"body":{"line":"Claimed job undefined"}}
{"ts":"2026-02-14T21:13:55.098Z","route":"/api/jobs/:id/log POST","method":"POST","apiKey":"uVqt...ag57","ip":"::1","details":{},"body":{"line":"Claimed job undefined"}}
{"ts":"2026-02-14T21:14:00.179Z","route":"/api/jobs/claim POST","method":"POST","apiKey":"uVqt...ag57","ip":"::1","details":{},"body":{}}
{"ts":"2026-02-14T21:14:00.285Z","route":"/api/jobs/:id/log POST","method":"POST","apiKey":"uVqt...ag57","ip":"::1","details":{},"body":{"line":"Claimed job undefined"}}
{"ts":"2026-02-14T21:14:05.363Z","route":"/api/jobs/claim POST","method":"POST","apiKey":"uVqt...ag57","ip":"::1","details":{},"body":{}}
{"ts":"2026-02-14T21:14:05.461Z","route":"/api/jobs/:id/log POST","method":"POST","apiKey":"uVqt...ag57","ip":"::1","details":{},"body":{"line":"Claimed job undefined"}}
{"ts":"2026-02-14T21:14:07.052Z","route":"/api/jobs/claim POST","method":"POST","apiKey":"uVqt...ag57","ip":"::1","details":{}}
{"ts":"2026-02-14T21:14:10.558Z","route":"/api/jobs/claim POST","method":"POST","apiKey":"uVqt...ag57","ip":"::1","details":{},"body":{}}
{"ts":"2026-02-14T21:14:10.638Z","route":"/api/jobs/:id/log POST","method":"POST","apiKey":"uVqt...ag57","ip":"::1","details":{},"body":{"line":"Claimed job undefined"}}
{"ts":"2026-02-14T21:14:15.737Z","route":"/api/jobs/claim POST","method":"POST","apiKey":"uVqt...ag57","ip":"::1","details":{},"body":{}}
{"ts":"2026-02-14T21:14:15.833Z","route":"/api/jobs/:id/log POST","method":"POST","apiKey":"uVqt...ag57","ip":"::1","details":{},"body":{"line":"Claimed job undefined"}}
{"ts":"2026-02-14T21:14:20.911Z","route":"/api/jobs/claim POST","method":"POST","apiKey":"uVqt...ag57","ip":"::1","details":{},"body":{}}
{"ts":"2026-02-14T21:14:21.009Z","route":"/api/jobs/:id/log POST","method":"POST","apiKey":"uVqt...ag57","ip":"::1","details":{},"body":{"line":"Claimed job undefined"}}
{"ts":"2026-02-14T21:14:26.087Z","route":"/api/jobs/claim POST","method":"POST","apiKey":"uVqt...ag57","ip":"::1","details":{},"body":{}}
{"ts":"2026-02-14T21:14:26.187Z","route":"/api/jobs/:id/log POST","method":"POST","apiKey":"uVqt...ag57","ip":"::1","details":{},"body":{"line":"Claimed job undefined"}}
{"ts":"2026-02-14T21:14:31.267Z","route":"/api/jobs/claim POST","method":"POST","apiKey":"uVqt...ag57","ip":"::1","details":{},"body":{}}
{"ts":"2026-02-14T21:14:31.370Z","route":"/api/jobs/:id/log POST","method":"POST","apiKey":"uVqt...ag57","ip":"::1","details":{},"body":{"line":"Claimed job undefined"}}
{"ts":"2026-02-14T21:14:36.453Z","route":"/api/jobs/claim POST","method":"POST","apiKey":"uVqt...ag57","ip":"::1","details":{},"body":{}}
{"ts":"2026-02-14T21:14:36.553Z","route":"/api/jobs/:id/log POST","method":"POST","apiKey":"uVqt...ag57","ip":"::1","details":{},"body":{"line":"Claimed job undefined"}}
{"ts":"2026-02-14T21:14:41.628Z","route":"/api/jobs/claim POST","method":"POST","apiKey":"uVqt...ag57","ip":"::1","details":{},"body":{}}
{"ts":"2026-02-14T21:14:41.718Z","route":"/api/jobs/:id/log POST","method":"POST","apiKey":"uVqt...ag57","ip":"::1","details":{},"body":{"line":"Claimed job undefined"}}
{"ts":"2026-02-14T21:15:22.270Z","route":"/api/jobs/claim POST","method":"POST","apiKey":"uVqt...ag57","ip":"::1","details":{},"body":{}}
{"ts":"2026-02-14T21:15:23.183Z","route":"/api/jobs/:id/log POST","method":"POST","apiKey":"uVqt...ag57","ip":"::1","details":{},"body":{"line":"Claimed job undefined"}}
{"ts":"2026-02-14T21:15:28.287Z","route":"/api/jobs/claim POST","method":"POST","apiKey":"uVqt...ag57","ip":"::1","details":{},"body":{}}
{"ts":"2026-02-14T21:15:28.382Z","route":"/api/jobs/:id/log POST","method":"POST","apiKey":"uVqt...ag57","ip":"::1","details":{},"body":{"line":"Claimed job undefined"}}
{"ts":"2026-02-14T21:15:33.454Z","route":"/api/jobs/claim POST","method":"POST","apiKey":"uVqt...ag57","ip":"::1","details":{},"body":{}}
{"ts":"2026-02-14T21:15:33.546Z","route":"/api/jobs/:id/log POST","method":"POST","apiKey":"uVqt...ag57","ip":"::1","details":{},"body":{"line":"Claimed job undefined"}}
{"ts":"2026-02-14T21:17:15.290Z","route":"/api/jobs/claim POST","method":"POST","apiKey":"uVqt...ag57","ip":"::1","details":{}}
{"ts":"2026-02-14T21:18:24.641Z","route":"/api/jobs POST","method":"POST","apiKey":"uVqt...ag57","ip":"::1","details":{},"body":{"name":"test-job-run","args":{"foo":"bar"}}}
{"ts":"2026-02-14T21:18:24.829Z","route":"/api/jobs/claim POST","method":"POST","apiKey":"uVqt...ag57","ip":"::1","details":{},"body":{}}
{"ts":"2026-02-14T21:18:25.614Z","route":"/api/jobs/:id/log POST","method":"POST","apiKey":"uVqt...ag57","ip":"::1","details":{},"body":{"line":"first log line from test"}}
{"ts":"2026-02-14T21:18:26.462Z","route":"/api/jobs/:id/finish POST","method":"POST","apiKey":"uVqt...ag57","ip":"::1","details":{},"body":{"success":true}}
{"ts":"2026-02-14T21:18:27.388Z","route":"/api/jobs/:id GET","method":"GET","apiKey":"uVqt...ag57","ip":"::1","details":{}}
{"ts":"2026-02-14T21:18:52.567Z","route":"/api/jobs/claim POST","method":"POST","apiKey":"uVqt...ag57","ip":"::1","details":{},"body":{}}
{"ts":"2026-02-14T21:18:54.676Z","route":"/api/jobs/claim POST","method":"POST","apiKey":"uVqt...ag57","ip":"::1","details":{},"body":{}}
{"ts":"2026-02-14T21:18:56.756Z","route":"/api/jobs/claim POST","method":"POST","apiKey":"uVqt...ag57","ip":"::1","details":{},"body":{}}
{"ts":"2026-02-14T21:18:58.838Z","route":"/api/jobs/claim POST","method":"POST","apiKey":"uVqt...ag57","ip":"::1","details":{},"body":{}}
{"ts":"2026-02-14T21:19:00.920Z","route":"/api/jobs/claim POST","method":"POST","apiKey":"uVqt...ag57","ip":"::1","details":{},"body":{}}
{"ts":"2026-02-14T21:19:03.011Z","route":"/api/jobs/claim POST","method":"POST","apiKey":"uVqt...ag57","ip":"::1","details":{},"body":{}}
{"ts":"2026-02-14T21:19:05.090Z","route":"/api/jobs/claim POST","method":"POST","apiKey":"uVqt...ag57","ip":"::1","details":{},"body":{}}
{"ts":"2026-02-14T21:19:07.180Z","route":"/api/jobs/claim POST","method":"POST","apiKey":"uVqt...ag57","ip":"::1","details":{},"body":{}}
{"ts":"2026-02-14T21:19:09.250Z","route":"/api/jobs/claim POST","method":"POST","apiKey":"uVqt...ag57","ip":"::1","details":{},"body":{}}
{"ts":"2026-02-14T21:19:11.348Z","route":"/api/jobs/claim POST","method":"POST","apiKey":"uVqt...ag57","ip":"::1","details":{},"body":{}}
{"ts":"2026-02-14T21:19:13.428Z","route":"/api/jobs/claim POST","method":"POST","apiKey":"uVqt...ag57","ip":"::1","details":{},"body":{}}
{"ts":"2026-02-14T21:19:15.520Z","route":"/api/jobs/claim POST","method":"POST","apiKey":"uVqt...ag57","ip":"::1","details":{},"body":{}}
{"ts":"2026-02-14T21:19:17.598Z","route":"/api/jobs/claim POST","method":"POST","apiKey":"uVqt...ag57","ip":"::1","details":{},"body":{}}
{"ts":"2026-02-14T21:19:19.674Z","route":"/api/jobs/claim POST","method":"POST","apiKey":"uVqt...ag57","ip":"::1","details":{},"body":{}}
{"ts":"2026-02-14T21:19:21.773Z","route":"/api/jobs/claim POST","method":"POST","apiKey":"uVqt...ag57","ip":"::1","details":{},"body":{}}
{"ts":"2026-02-14T21:19:23.853Z","route":"/api/jobs/claim POST","method":"POST","apiKey":"uVqt...ag57","ip":"::1","details":{},"body":{}}
{"ts":"2026-02-14T21:19:25.930Z","route":"/api/jobs/claim POST","method":"POST","apiKey":"uVqt...ag57","ip":"::1","details":{},"body":{}}
{"ts":"2026-02-14T21:19:28.012Z","route":"/api/jobs/claim POST","method":"POST","apiKey":"uVqt...ag57","ip":"::1","details":{},"body":{}}
{"ts":"2026-02-14T21:19:30.088Z","route":"/api/jobs/claim POST","method":"POST","apiKey":"uVqt...ag57","ip":"::1","details":{},"body":{}}
{"ts":"2026-02-14T21:19:32.171Z","route":"/api/jobs/claim POST","method":"POST","apiKey":"uVqt...ag57","ip":"::1","details":{},"body":{}}
{"ts":"2026-02-14T21:19:34.255Z","route":"/api/jobs/claim POST","method":"POST","apiKey":"uVqt...ag57","ip":"::1","details":{},"body":{}}
{"ts":"2026-02-14T21:19:36.326Z","route":"/api/jobs/claim POST","method":"POST","apiKey":"uVqt...ag57","ip":"::1","details":{},"body":{}}
{"ts":"2026-02-14T21:19:38.400Z","route":"/api/jobs/claim POST","method":"POST","apiKey":"uVqt...ag57","ip":"::1","details":{},"body":{}}
{"ts":"2026-02-14T21:19:40.490Z","route":"/api/jobs/claim POST","method":"POST","apiKey":"uVqt...ag57","ip":"::1","details":{},"body":{}}
{"ts":"2026-02-14T21:19:42.569Z","route":"/api/jobs/claim POST","method":"POST","apiKey":"uVqt...ag57","ip":"::1","details":{},"body":{}}
{"ts":"2026-02-14T21:19:44.645Z","route":"/api/jobs/claim POST","method":"POST","apiKey":"uVqt...ag57","ip":"::1","details":{},"body":{}}
{"ts":"2026-02-14T21:19:46.719Z","route":"/api/jobs/claim POST","method":"POST","apiKey":"uVqt...ag57","ip":"::1","details":{},"body":{}}
{"ts":"2026-02-14T21:19:48.791Z","route":"/api/jobs/claim POST","method":"POST","apiKey":"uVqt...ag57","ip":"::1","details":{},"body":{}}
{"ts":"2026-02-14T21:19:50.873Z","route":"/api/jobs/claim POST","method":"POST","apiKey":"uVqt...ag57","ip":"::1","details":{},"body":{}}
{"ts":"2026-02-14T21:19:52.957Z","route":"/api/jobs/claim POST","method":"POST","apiKey":"uVqt...ag57","ip":"::1","details":{},"body":{}}
{"ts":"2026-02-14T21:19:55.037Z","route":"/api/jobs/claim POST","method":"POST","apiKey":"uVqt...ag57","ip":"::1","details":{},"body":{}}
{"ts":"2026-02-14T21:19:55.804Z","route":"/api/jobs POST","method":"POST","apiKey":"uVqt...ag57","ip":"::1","details":{},"body":{"name":"scrape-zeroheight-project","args":{"pageUrls":null,"password":"Design4allQ4"}}}
{"ts":"2026-02-14T21:20:00.306Z","route":"/api/jobs/claim POST","method":"POST","apiKey":"uVqt...ag57","ip":"::1","details":{},"body":{}}
{"ts":"2026-02-14T21:20:05.587Z","route":"/api/jobs/claim POST","method":"POST","apiKey":"uVqt...ag57","ip":"::1","details":{},"body":{}}
{"ts":"2026-02-14T21:20:10.748Z","route":"/api/jobs/claim POST","method":"POST","apiKey":"uVqt...ag57","ip":"::1","details":{},"body":{}}
{"ts":"2026-02-14T21:20:16.184Z","route":"/api/jobs/claim POST","method":"POST","apiKey":"uVqt...ag57","ip":"::1","details":{},"body":{}}
{"ts":"2026-02-14T21:21:42.107Z","route":"/api/jobs/claim POST","method":"POST","apiKey":"uVqt...ag57","ip":"::1","details":{},"body":{}}
{"ts":"2026-02-14T21:21:44.295Z","route":"/api/jobs/claim POST","method":"POST","apiKey":"uVqt...ag57","ip":"::1","details":{},"body":{}}
{"ts":"2026-02-14T21:21:46.374Z","route":"/api/jobs/claim POST","method":"POST","apiKey":"uVqt...ag57","ip":"::1","details":{},"body":{}}
{"ts":"2026-02-14T21:21:48.455Z","route":"/api/jobs/claim POST","method":"POST","apiKey":"uVqt...ag57","ip":"::1","details":{},"body":{}}
{"ts":"2026-02-14T21:21:50.551Z","route":"/api/jobs/claim POST","method":"POST","apiKey":"uVqt...ag57","ip":"::1","details":{},"body":{}}
{"ts":"2026-02-14T21:21:50.921Z","route":"/api/jobs/claim POST","method":"POST","apiKey":"uVqt...ag57","ip":"::1","details":{}}
{"ts":"2026-02-14T21:21:52.664Z","route":"/api/jobs/claim POST","method":"POST","apiKey":"uVqt...ag57","ip":"::1","details":{},"body":{}}
{"ts":"2026-02-14T21:21:54.729Z","route":"/api/jobs/claim POST","method":"POST","apiKey":"uVqt...ag57","ip":"::1","details":{},"body":{}}
{"ts":"2026-02-14T21:21:56.827Z","route":"/api/jobs/claim POST","method":"POST","apiKey":"uVqt...ag57","ip":"::1","details":{},"body":{}}
{"ts":"2026-02-14T21:21:58.898Z","route":"/api/jobs/claim POST","method":"POST","apiKey":"uVqt...ag57","ip":"::1","details":{},"body":{}}
{"ts":"2026-02-14T21:22:00.977Z","route":"/api/jobs/claim POST","method":"POST","apiKey":"uVqt...ag57","ip":"::1","details":{},"body":{}}
{"ts":"2026-02-14T21:22:03.083Z","route":"/api/jobs/claim POST","method":"POST","apiKey":"uVqt...ag57","ip":"::1","details":{},"body":{}}
{"ts":"2026-02-14T21:22:05.157Z","route":"/api/jobs/claim POST","method":"POST","apiKey":"uVqt...ag57","ip":"::1","details":{},"body":{}}
{"ts":"2026-02-14T21:22:07.244Z","route":"/api/jobs/claim POST","method":"POST","apiKey":"uVqt...ag57","ip":"::1","details":{},"body":{}}
{"ts":"2026-02-14T21:22:09.315Z","route":"/api/jobs/claim POST","method":"POST","apiKey":"uVqt...ag57","ip":"::1","details":{},"body":{}}
{"ts":"2026-02-14T21:22:11.398Z","route":"/api/jobs/claim POST","method":"POST","apiKey":"uVqt...ag57","ip":"::1","details":{},"body":{}}
{"ts":"2026-02-14T21:22:13.479Z","route":"/api/jobs/claim POST","method":"POST","apiKey":"uVqt...ag57","ip":"::1","details":{},"body":{}}
{"ts":"2026-02-14T21:22:15.551Z","route":"/api/jobs/claim POST","method":"POST","apiKey":"uVqt...ag57","ip":"::1","details":{},"body":{}}
{"ts":"2026-02-14T21:22:17.617Z","route":"/api/jobs/claim POST","method":"POST","apiKey":"uVqt...ag57","ip":"::1","details":{},"body":{}}
{"ts":"2026-02-14T21:22:19.701Z","route":"/api/jobs/claim POST","method":"POST","apiKey":"uVqt...ag57","ip":"::1","details":{},"body":{}}
{"ts":"2026-02-14T21:22:21.768Z","route":"/api/jobs/claim POST","method":"POST","apiKey":"uVqt...ag57","ip":"::1","details":{},"body":{}}
{"ts":"2026-02-14T21:22:23.848Z","route":"/api/jobs/claim POST","method":"POST","apiKey":"uVqt...ag57","ip":"::1","details":{},"body":{}}
{"ts":"2026-02-14T21:22:25.923Z","route":"/api/jobs/claim POST","method":"POST","apiKey":"uVqt...ag57","ip":"::1","details":{},"body":{}}
{"ts":"2026-02-14T21:22:27.993Z","route":"/api/jobs/claim POST","method":"POST","apiKey":"uVqt...ag57","ip":"::1","details":{},"body":{}}
{"ts":"2026-02-14T21:22:30.060Z","route":"/api/jobs/claim POST","method":"POST","apiKey":"uVqt...ag57","ip":"::1","details":{},"body":{}}
{"ts":"2026-02-14T21:22:32.155Z","route":"/api/jobs/claim POST","method":"POST","apiKey":"uVqt...ag57","ip":"::1","details":{},"body":{}}
{"ts":"2026-02-14T21:22:34.233Z","route":"/api/jobs/claim POST","method":"POST","apiKey":"uVqt...ag57","ip":"::1","details":{},"body":{}}
{"ts":"2026-02-14T21:22:36.307Z","route":"/api/jobs/claim POST","method":"POST","apiKey":"uVqt...ag57","ip":"::1","details":{},"body":{}}
{"ts":"2026-02-14T21:22:38.378Z","route":"/api/jobs/claim POST","method":"POST","apiKey":"uVqt...ag57","ip":"::1","details":{},"body":{}}
{"ts":"2026-02-14T21:22:40.460Z","route":"/api/jobs/claim POST","method":"POST","apiKey":"uVqt...ag57","ip":"::1","details":{},"body":{}}
{"ts":"2026-02-14T21:22:42.532Z","route":"/api/jobs/claim POST","method":"POST","apiKey":"uVqt...ag57","ip":"::1","details":{},"body":{}}
{"ts":"2026-02-14T21:22:44.600Z","route":"/api/jobs/claim POST","method":"POST","apiKey":"uVqt...ag57","ip":"::1","details":{},"body":{}}
{"ts":"2026-02-14T21:22:46.689Z","route":"/api/jobs/claim POST","method":"POST","apiKey":"uVqt...ag57","ip":"::1","details":{},"body":{}}
{"ts":"2026-02-14T21:22:48.763Z","route":"/api/jobs/claim POST","method":"POST","apiKey":"uVqt...ag57","ip":"::1","details":{},"body":{}}
{"ts":"2026-02-14T21:22:50.835Z","route":"/api/jobs/claim POST","method":"POST","apiKey":"uVqt...ag57","ip":"::1","details":{},"body":{}}
{"ts":"2026-02-14T21:22:52.913Z","route":"/api/jobs/claim POST","method":"POST","apiKey":"uVqt...ag57","ip":"::1","details":{},"body":{}}
{"ts":"2026-02-14T21:22:54.997Z","route":"/api/jobs/claim POST","method":"POST","apiKey":"uVqt...ag57","ip":"::1","details":{},"body":{}}
{"ts":"2026-02-14T21:22:57.072Z","route":"/api/jobs/claim POST","method":"POST","apiKey":"uVqt...ag57","ip":"::1","details":{},"body":{}}
{"ts":"2026-02-14T21:22:59.182Z","route":"/api/jobs/claim POST","method":"POST","apiKey":"uVqt...ag57","ip":"::1","details":{},"body":{}}
{"ts":"2026-02-14T21:23:01.249Z","route":"/api/jobs/claim POST","method":"POST","apiKey":"uVqt...ag57","ip":"::1","details":{},"body":{}}
{"ts":"2026-02-14T21:23:03.327Z","route":"/api/jobs/claim POST","method":"POST","apiKey":"uVqt...ag57","ip":"::1","details":{},"body":{}}
{"ts":"2026-02-14T21:23:05.395Z","route":"/api/jobs/claim POST","method":"POST","apiKey":"uVqt...ag57","ip":"::1","details":{},"body":{}}
{"ts":"2026-02-14T21:23:07.474Z","route":"/api/jobs/claim POST","method":"POST","apiKey":"uVqt...ag57","ip":"::1","details":{},"body":{}}
{"ts":"2026-02-14T21:23:09.546Z","route":"/api/jobs/claim POST","method":"POST","apiKey":"uVqt...ag57","ip":"::1","details":{},"body":{}}
{"ts":"2026-02-14T21:23:11.615Z","route":"/api/jobs/claim POST","method":"POST","apiKey":"uVqt...ag57","ip":"::1","details":{},"body":{}}
{"ts":"2026-02-14T21:23:13.695Z","route":"/api/jobs/claim POST","method":"POST","apiKey":"uVqt...ag57","ip":"::1","details":{},"body":{}}
{"ts":"2026-02-14T21:23:15.762Z","route":"/api/jobs/claim POST","method":"POST","apiKey":"uVqt...ag57","ip":"::1","details":{},"body":{}}
{"ts":"2026-02-14T21:23:17.832Z","route":"/api/jobs/claim POST","method":"POST","apiKey":"uVqt...ag57","ip":"::1","details":{},"body":{}}
{"ts":"2026-02-14T21:23:19.910Z","route":"/api/jobs/claim POST","method":"POST","apiKey":"uVqt...ag57","ip":"::1","details":{},"body":{}}
{"ts":"2026-02-14T21:23:21.989Z","route":"/api/jobs/claim POST","method":"POST","apiKey":"uVqt...ag57","ip":"::1","details":{},"body":{}}
{"ts":"2026-02-14T21:23:24.060Z","route":"/api/jobs/claim POST","method":"POST","apiKey":"uVqt...ag57","ip":"::1","details":{},"body":{}}
{"ts":"2026-02-14T21:23:26.141Z","route":"/api/jobs/claim POST","method":"POST","apiKey":"uVqt...ag57","ip":"::1","details":{},"body":{}}
{"ts":"2026-02-14T21:23:33.439Z","route":"/api/jobs/claim POST","method":"POST","apiKey":"uVqt...ag57","ip":"::1","details":{},"body":{}}
{"ts":"2026-02-14T21:23:35.583Z","route":"/api/jobs/claim POST","method":"POST","apiKey":"uVqt...ag57","ip":"::1","details":{},"body":{}}
{"ts":"2026-02-14T21:23:37.658Z","route":"/api/jobs/claim POST","method":"POST","apiKey":"uVqt...ag57","ip":"::1","details":{},"body":{}}
{"ts":"2026-02-14T21:24:17.060Z","route":"/api/jobs POST","method":"POST","apiKey":"uVqt...ag57","ip":"::1","details":{},"body":{"name":"scrape-zeroheight-project","args":{"pageUrls":null,"password":"Design4allQ4"}}}
{"ts":"2026-02-14T21:27:34.584Z","route":"/api/jobs/claim POST","method":"POST","apiKey":"uVqt...ag57","ip":"::1","details":{},"body":{}}
{"ts":"2026-02-14T21:27:35.477Z","route":"/api/jobs/:id/log POST","method":"POST","apiKey":"uVqt...ag57","ip":"::1","details":{},"body":{"line":"first log line from test"}}
{"ts":"2026-02-14T21:27:36.404Z","route":"/api/jobs/:id/finish POST","method":"POST","apiKey":"uVqt...ag57","ip":"::1","details":{},"body":{"success":true}}
{"ts":"2026-02-14T21:27:37.225Z","route":"/api/jobs/:id GET","method":"GET","apiKey":"uVqt...ag57","ip":"::1","details":{}}
